2025-12-06 01:48:31,860 -INFO- Pipeline Started
2025-12-06 01:49:08,943 -INFO- Pipeline Started
2025-12-06 01:49:08,943 -INFO- Extraction begin
2025-12-06 02:00:14,615 -INFO- Pipeline Started
2025-12-06 02:00:14,615 -INFO- Extraction begin
2025-12-06 02:00:22,595 -INFO- Pipeline Started
2025-12-06 02:00:22,596 -INFO- Extraction begin
2025-12-06 02:00:22,596 -INFO- hiting api
2025-12-06 02:00:22,596 -WARNING- Max time retried
2025-12-06 02:01:33,074 -INFO- Pipeline Started
2025-12-06 02:01:33,074 -INFO- Extraction begin
2025-12-06 02:01:33,074 -INFO- hiting api
2025-12-06 02:08:26,394 -INFO- Pipeline Started
2025-12-06 02:08:26,394 -INFO- Extraction begin
2025-12-06 02:08:26,394 -INFO- hiting api
2025-12-06 02:16:53,822 -INFO- Pipeline Started
2025-12-06 02:16:53,823 -INFO- Extraction begin
2025-12-06 02:16:53,823 -INFO- hiting api
2025-12-06 02:16:55,440 -ERROR- API did not return a list
2025-12-06 02:17:37,694 -INFO- Pipeline Started
2025-12-06 02:17:37,695 -INFO- Extraction begin
2025-12-06 02:17:37,695 -INFO- hiting api
2025-12-06 02:17:38,265 -ERROR- API did not return a list
2025-12-06 02:22:46,627 -INFO- Pipeline Started
2025-12-06 02:22:46,627 -INFO- Extraction begin
2025-12-06 02:22:46,627 -INFO- hiting api
2025-12-06 02:22:47,235 -ERROR- 'dict' object is not callable
2025-12-06 02:22:47,236 -INFO- Loading metadata
2025-12-06 02:22:47,236 -INFO- loaded from file {'bitcoin': {'category': 'Layer 1', 'launch_year': 2009}, 'ethereum': {'category': 'Layer 1', 'launch_year': 2015}, 'solana': {'category': 'Layer 1', 'launch_year': 2020}, 'dogecoin': {'category': 'Meme', 'launch_year': 2013}}
2025-12-06 02:24:03,257 -INFO- Pipeline Started
2025-12-06 02:24:03,257 -INFO- Extraction begin
2025-12-06 02:24:03,257 -INFO- hiting api
2025-12-06 02:24:03,757 -ERROR- 'dict' object is not callable
2025-12-06 02:24:03,757 -INFO- Loading metadata
2025-12-06 02:24:03,757 -INFO- loaded from file {'bitcoin': {'category': 'Layer 1', 'launch_year': 2009}, 'ethereum': {'category': 'Layer 1', 'launch_year': 2015}, 'solana': {'category': 'Layer 1', 'launch_year': 2020}, 'dogecoin': {'category': 'Meme', 'launch_year': 2013}}
2025-12-06 02:24:59,009 -INFO- Pipeline Started
2025-12-06 02:24:59,009 -INFO- Extraction begin
2025-12-06 02:24:59,010 -INFO- hiting api
2025-12-06 02:24:59,260 -ERROR- 'dict' object is not callable
2025-12-06 02:24:59,260 -INFO- Loading metadata
2025-12-06 02:24:59,260 -INFO- loaded from file {'bitcoin': {'category': 'Layer 1', 'launch_year': 2009}, 'ethereum': {'category': 'Layer 1', 'launch_year': 2015}, 'solana': {'category': 'Layer 1', 'launch_year': 2020}, 'dogecoin': {'category': 'Meme', 'launch_year': 2013}}
2025-12-06 02:25:38,459 -INFO- Pipeline Started
2025-12-06 02:25:38,459 -INFO- Extraction begin
2025-12-06 02:25:38,460 -INFO- hiting api
2025-12-06 02:25:39,223 -ERROR- 'dict' object is not callable
2025-12-06 02:25:39,224 -INFO- Loading metadata
2025-12-06 02:25:39,225 -INFO- loaded from file {'bitcoin': {'category': 'Layer 1', 'launch_year': 2009}, 'ethereum': {'category': 'Layer 1', 'launch_year': 2015}, 'solana': {'category': 'Layer 1', 'launch_year': 2020}, 'dogecoin': {'category': 'Meme', 'launch_year': 2013}}
2025-12-06 02:27:10,322 -INFO- Pipeline Started
2025-12-06 02:27:10,322 -INFO- Extraction begin
2025-12-06 02:27:10,322 -INFO- hiting api
2025-12-06 02:27:10,932 -ERROR- 'dict' object is not callable
2025-12-06 02:27:10,933 -INFO- Loading metadata
2025-12-06 02:27:10,934 -INFO- loaded from file {'bitcoin': {'category': 'Layer 1', 'launch_year': 2009}, 'ethereum': {'category': 'Layer 1', 'launch_year': 2015}, 'solana': {'category': 'Layer 1', 'launch_year': 2020}, 'dogecoin': {'category': 'Meme', 'launch_year': 2013}}
2025-12-06 02:27:52,701 -INFO- Pipeline Started
2025-12-06 02:27:52,702 -INFO- Extraction begin
2025-12-06 02:27:52,702 -INFO- hiting api
2025-12-06 02:27:53,043 -ERROR- 'dict' object is not callable
2025-12-06 02:27:53,045 -INFO- Loading metadata
2025-12-06 02:27:53,045 -INFO- loaded from file {'bitcoin': {'category': 'Layer 1', 'launch_year': 2009}, 'ethereum': {'category': 'Layer 1', 'launch_year': 2015}, 'solana': {'category': 'Layer 1', 'launch_year': 2020}, 'dogecoin': {'category': 'Meme', 'launch_year': 2013}}
2025-12-06 02:31:16,821 -INFO- Pipeline Started
2025-12-06 02:31:16,821 -INFO- Extraction begin
2025-12-06 02:31:16,821 -INFO- hiting api
2025-12-06 02:31:17,627 -INFO- Loading metadata
2025-12-06 02:31:17,627 -INFO- loaded from file {'bitcoin': {'category': 'Layer 1', 'launch_year': 2009}, 'ethereum': {'category': 'Layer 1', 'launch_year': 2015}, 'solana': {'category': 'Layer 1', 'launch_year': 2020}, 'dogecoin': {'category': 'Meme', 'launch_year': 2013}}
